2.92701e-01 3.24996e-02 2.09716e+01 9.95213e-01 9.92088e-01 9.87809e-01 9.81157e-01 9.68673e-01 9.57894e-01 9.41167e-01 9.15414e-01 8.78616e-01 8.33075e-01 7.80520e-01 7.16204e-01
2.92730e-01 3.24996e-02 2.09760e+01 9.95202e-01 9.92085e-01 9.87809e-01 9.81157e-01 9.68674e-01 9.57890e-01 9.41156e-01 9.15404e-01 8.78607e-01 8.33065e-01 7.80509e-01 7.16199e-01
2.92672e-01 3.24996e-02 2.09789e+01 9.95213e-01 9.92088e-01 9.87809e-01 9.81160e-01 9.68685e-01 9.57899e-01 9.41167e-01 9.15422e-01 8.78627e-01 8.33085e-01 7.80529e-01 7.16216e-01
2.92704e-01 3.24996e-02 2.09716e+01 9.95213e-01 9.92088e-01 9.87809e-01 9.81157e-01 9.68673e-01 9.57894e-01 9.41167e-01 9.15414e-01 8.78616e-01 8.33075e-01 7.80520e-01 7.16204e-01
2.92698e-01 3.24996e-02 2.09645e+01 9.95213e-01 9.92088e-01 9.87809e-01 9.81157e-01 9.68673e-01 9.57895e-01 9.41167e-01 9.15413e-01 8.78621e-01 8.33085e-01 7.80522e-01 7.16202e-01
2.92701e-01 3.24996e-02 2.09716e+01 9.95213e-01 9.92088e-01 9.87809e-01 9.81157e-01 9.68673e-01 9.57894e-01 9.41167e-01 9.15414e-01 8.78616e-01 8.33075e-01 7.80520e-01 7.16204e-01
2.92701e-01 3.24996e-02 2.09716e+01 9.95213e-01 9.92088e-01 9.87809e-01 9.81157e-01 9.68673e-01 9.57894e-01 9.41167e-01 9.15414e-01 8.78616e-01 8.33075e-01 7.80520e-01 7.16204e-01
2.92701e-01 3.25028e-02 2.09716e+01 9.95213e-01 9.92088e-01 9.87809e-01 9.81157e-01 9.68673e-01 9.57894e-01 9.41167e-01 9.15414e-01 8.78616e-01 8.33075e-01 7.80520e-01 7.16204e-01
2.92701e-01 3.24963e-02 2.09715e+01 9.95213e-01 9.92088e-01 9.87809e-01 9.81157e-01 9.68673e-01 9.57894e-01 9.41167e-01 9.15414e-01 8.78616e-01 8.33075e-01 7.80519e-01 7.16205e-01
2.92701e-01 3.25005e-02 2.09716e+01 9.95213e-01 9.92088e-01 9.87809e-01 9.81157e-01 9.68673e-01 9.57894e-01 9.41167e-01 9.15414e-01 8.78616e-01 8.33075e-01 7.80520e-01 7.16204e-01
2.92701e-01 3.24986e-02 2.09716e+01 9.95213e-01 9.92088e-01 9.87809e-01 9.81157e-01 9.68673e-01 9.57894e-01 9.41167e-01 9.15414e-01 8.78616e-01 8.33075e-01 7.80520e-01 7.16204e-01
2.92701e-01 3.25058e-02 2.09729e+01 9.95213e-01 9.92088e-01 9.87809e-01 9.81157e-01 9.68675e-01 9.57889e-01 9.41157e-01 9.15412e-01 8.78618e-01 8.33074e-01 7.80519e-01 7.16210e-01
2.92701e-01 3.24933e-02 2.09707e+01 9.95213e-01 9.92088e-01 9.87809e-01 9.81156e-01 9.68682e-01 9.57900e-01 9.41167e-01 9.15421e-01 8.78628e-01 8.33083e-01 7.80521e-01 7.16204e-01
2.92701e-01 3.24821e-02 2.09707e+01 9.95213e-01 9.92088e-01 9.87809e-01 9.81156e-01 9.68682e-01 9.57900e-01 9.41167e-01 9.15421e-01 8.78628e-01 8.33083e-01 7.80521e-01 7.16204e-01
2.92701e-01 3.24872e-02 2.09707e+01 9.95213e-01 9.92088e-01 9.87809e-01 9.81156e-01 9.68682e-01 9.57900e-01 9.41167e-01 9.15421e-01 8.78628e-01 8.33083e-01 7.80521e-01 7.16204e-01
2.92701e-01 3.24846e-02 2.09707e+01 9.95213e-01 9.92088e-01 9.87809e-01 9.81156e-01 9.68682e-01 9.57900e-01 9.41167e-01 9.15421e-01 8.78628e-01 8.33083e-01 7.80521e-01 7.16204e-01
2.92703e-01 3.24846e-02 2.09707e+01 9.95213e-01 9.92088e-01 9.87809e-01 9.81156e-01 9.68682e-01 9.57900e-01 9.41167e-01 9.15421e-01 8.78628e-01 8.33083e-01 7.80521e-01 7.16204e-01
2.92699e-01 3.24846e-02 2.09707e+01 9.95213e-01 9.92088e-01 9.87809e-01 9.81156e-01 9.68682e-01 9.57900e-01 9.41167e-01 9.15421e-01 8.78628e-01 8.33083e-01 7.80521e-01 7.16204e-01
2.92721e-01 3.24846e-02 2.09786e+01 9.95202e-01 9.92085e-01 9.87809e-01 9.81157e-01 9.68675e-01 9.57889e-01 9.41157e-01 9.15412e-01 8.78618e-01 8.33074e-01 7.80511e-01 7.16193e-01
2.92682e-01 3.24846e-02 2.09760e+01 9.95213e-01 9.92088e-01 9.87809e-01 9.81160e-01 9.68685e-01 9.57899e-01 9.41167e-01 9.15422e-01 8.78628e-01 8.33084e-01 7.80521e-01 7.16204e-01
2.92703e-01 3.24846e-02 2.09707e+01 9.95213e-01 9.92088e-01 9.87809e-01 9.81156e-01 9.68682e-01 9.57900e-01 9.41167e-01 9.15421e-01 8.78628e-01 8.33083e-01 7.80521e-01 7.16204e-01
2.92699e-01 3.24846e-02 2.09707e+01 9.95213e-01 9.92088e-01 9.87809e-01 9.81156e-01 9.68682e-01 9.57900e-01 9.41167e-01 9.15421e-01 8.78628e-01 8.33083e-01 7.80521e-01 7.16204e-01
2.92701e-01 3.24857e-02 2.09707e+01 9.95213e-01 9.92088e-01 9.87809e-01 9.81156e-01 9.68682e-01 9.57900e-01 9.41167e-01 9.15421e-01 8.78628e-01 8.33083e-01 7.80521e-01 7.16204e-01
2.92701e-01 3.24836e-02 2.09707e+01 9.95213e-01 9.92088e-01 9.87809e-01 9.81156e-01 9.68682e-01 9.57900e-01 9.41167e-01 9.15421e-01 8.78628e-01 8.33083e-01 7.80521e-01 7.16204e-01
2.92701e-01 3.24947e-02 2.09643e+01 9.95213e-01 9.92088e-01 9.87809e-01 9.81157e-01 9.68673e-01 9.57895e-01 9.41167e-01 9.15413e-01 8.78622e-01 8.33084e-01 7.80521e-01 7.16204e-01
2.92701e-01 3.24745e-02 2.09712e+01 9.95213e-01 9.92088e-01 9.87809e-01 9.81156e-01 9.68682e-01 9.57900e-01 9.41167e-01 9.15422e-01 8.78628e-01 8.33084e-01 7.80522e-01 7.16199e-01
2.92701e-01 3.24857e-02 2.09707e+01 9.95213e-01 9.92088e-01 9.87809e-01 9.81156e-01 9.68682e-01 9.57900e-01 9.41167e-01 9.15421e-01 8.78628e-01 8.33083e-01 7.80521e-01 7.16204e-01
2.92701e-01 3.24836e-02 2.09707e+01 9.95213e-01 9.92088e-01 9.87809e-01 9.81156e-01 9.68682e-01 9.57900e-01 9.41167e-01 9.15421e-01 8.78628e-01 8.33083e-01 7.80521e-01 7.16204e-01
2.92701e-01 3.24846e-02 2.09707e+01 9.95213e-01 9.92088e-01 9.87809e-01 9.81156e-01 9.68682e-01 9.57900e-01 9.41167e-01 9.15421e-01 8.78628e-01 8.33083e-01 7.80521e-01 7.16204e-01
2.92703e-01 3.24846e-02 2.09707e+01 9.95213e-01 9.92088e-01 9.87809e-01 9.81156e-01 9.68682e-01 9.57900e-01 9.41167e-01 9.15421e-01 8.78628e-01 8.33083e-01 7.80521e-01 7.16204e-01
2.92699e-01 3.24846e-02 2.09707e+01 9.95213e-01 9.92088e-01 9.87809e-01 9.81156e-01 9.68682e-01 9.57900e-01 9.41167e-01 9.15421e-01 8.78628e-01 8.33083e-01 7.80521e-01 7.16204e-01
2.92701e-01 3.24857e-02 2.09707e+01 9.95213e-01 9.92088e-01 9.87809e-01 9.81156e-01 9.68682e-01 9.57900e-01 9.41167e-01 9.15421e-01 8.78628e-01 8.33083e-01 7.80521e-01 7.16204e-01
2.92701e-01 3.24836e-02 2.09707e+01 9.95213e-01 9.92088e-01 9.87809e-01 9.81156e-01 9.68682e-01 9.57900e-01 9.41167e-01 9.15421e-01 8.78628e-01 8.33083e-01 7.80521e-01 7.16204e-01
2.92702e-01 3.24846e-02 2.09707e+01 9.95213e-01 9.92088e-01 9.87809e-01 9.81156e-01 9.68682e-01 9.57900e-01 9.41167e-01 9.15421e-01 8.78628e-01 8.33083e-01 7.80521e-01 7.16204e-01
2.92701e-01 3.24846e-02 2.09707e+01 9.95213e-01 9.92088e-01 9.87809e-01 9.81156e-01 9.68682e-01 9.57900e-01 9.41167e-01 9.15421e-01 8.78628e-01 8.33083e-01 7.80521e-01 7.16204e-01
2.92701e-01 3.24846e-02 2.09707e+01 9.95213e-01 9.92088e-01 9.87809e-01 9.81156e-01 9.68682e-01 9.57900e-01 9.41167e-01 9.15421e-01 8.78628e-01 8.33083e-01 7.80521e-01 7.16204e-01
2.92701e-01 3.24846e-02 2.09707e+01 9.95213e-01 9.92088e-01 9.87809e-01 9.81156e-01 9.68682e-01 9.57900e-01 9.41167e-01 9.15421e-01 8.78628e-01 8.33083e-01 7.80521e-01 7.16204e-01
2.92701e-01 3.24848e-02 2.09707e+01 9.95213e-01 9.92088e-01 9.87809e-01 9.81156e-01 9.68682e-01 9.57900e-01 9.41167e-01 9.15421e-01 8.78628e-01 8.33083e-01 7.80521e-01 7.16204e-01
2.92701e-01 3.24844e-02 2.09707e+01 9.95213e-01 9.92088e-01 9.87809e-01 9.81156e-01 9.68682e-01 9.57900e-01 9.41167e-01 9.15421e-01 8.78628e-01 8.33083e-01 7.80521e-01 7.16204e-01
2.92703e-01 3.24857e-02 2.09707e+01 9.95213e-01 9.92088e-01 9.87809e-01 9.81156e-01 9.68682e-01 9.57900e-01 9.41167e-01 9.15421e-01 8.78628e-01 8.33083e-01 7.80521e-01 7.16204e-01
