       0.600000      60.900777       4.433000
       0.800000      60.747236       4.433000
       1.000000      60.549828       4.433000
       1.200000      60.308560       4.433000
       1.400000      60.023437       4.433000
       1.600000      59.694469       4.433000
       1.800000      59.321667       4.433000
       2.000000      58.905048       4.433000
       2.200000      58.444635       4.433000
       2.400000      57.940459       4.433000
       2.600000      57.392560       4.433000
       2.800000      56.800996       4.433000
       3.000000      56.165844       4.433000
       3.200000      55.487206       4.433000
       3.400000      54.765226       4.433000
       3.600000      54.000096       4.433000
       3.800000      53.192076       4.433000
       4.000000      52.341521       4.433000
       4.200000      51.448913       4.433000
       4.400000      50.514906       4.433000
       4.600000      49.540386       4.433000
       4.800000      48.526556       4.433000
       5.000000      47.475049       4.433000
       5.200000      46.388073       4.433000
       5.400000      45.268621       4.433000
       5.600000      44.120735       4.433000
       5.800000      42.949872       4.433000
       6.000000      41.763375       4.433000
       6.200000      40.571098       4.433000
       6.400000      39.386200       4.433000
       6.600000      38.226146       4.433000
       6.800000      37.113929       4.433000
       7.000000      36.079460       4.433000
       7.200000      35.161038       4.433000
       7.400000      34.406629       4.433000
       7.600000      33.874448       4.433000
       7.800000      33.632049       4.433000
       8.000000      33.752732       4.433000
       8.200000      34.307923       4.433000
       8.400000      35.354504       4.433000
       8.600000      36.917494       4.433000
       8.800000      38.999592       4.433000
       9.000000      41.602138       4.433000
       9.200000      44.571195       4.433000
       9.400000      47.697333       4.433000
       9.600000      50.756668       4.433000
       9.800000      53.549612       4.433000
      10.000000      55.931133       4.433000
      10.200000      57.823527       4.433000
      10.400000      59.211585       4.433000
      10.600000      60.126690       4.433000
      10.800000      60.627833       4.433000
      11.000000      60.785231       4.433000
      11.200000      60.668893       4.433000
      11.400000      60.342069       4.432996
      11.600000      59.858414       4.432648
      11.800000      59.261513       4.403202
      12.000000      58.585689       2.812364
      12.200000      57.857341       0.088537
      12.400000      57.096409       0.001061
      12.600000      56.317721       0.000012
      12.800000      55.532152       0.000000
      13.000000      54.747566       0.000000
      13.200000      53.969563       0.000000
      13.400000      53.202055       0.000000
      13.600000      52.447708       0.000000
      13.800000      51.708269       0.000000
      14.000000      50.984819       0.000000
      14.200000      50.277956       0.000000
      14.400000      49.587929       0.000000
      14.600000      48.914742       0.000000
      14.800000      48.258227       0.000000
      15.000000      47.618095       0.000000
      15.200000      46.993981       0.000000
      15.400000      46.385466       0.000000
      15.600000      45.792105       0.000000
      15.800000      45.213433       0.000000
      16.000000      44.648983       0.000000
      16.200000      44.098290       0.000000
      16.400000      43.560896       0.000000
      16.600000      43.036353       0.000000
      16.800000      42.524227       0.000000
      17.000000      42.024098       0.000000
      17.200000      41.535560       0.000000
      17.400000      41.058224       0.000000
      17.600000      40.591716       0.000000
      17.800000      40.135675       0.000000
      18.000000      39.689757       0.000000
      18.200000      39.253630       0.000000
      18.400000      38.826979       0.000000
      18.600000      38.409498       0.000000
      18.800000      38.000896       0.000000
      19.000000      37.600894       0.000000
      19.200000      37.209223       0.000000
      19.400000      36.825627       0.000000
      19.600000      36.449858       0.000000
      19.800000      36.081680       0.000000
      20.000000      35.720865       0.000000
      20.200000      35.367194       0.000000
      20.400000      35.020458       0.000000
      20.600000      34.680454       0.000000
      20.800000      34.346989       0.000000
      21.000000      34.019875       0.000000
      21.200000      33.698933       0.000000
      21.400000      33.383990       0.000000
      21.600000      33.074879       0.000000
      21.800000      32.771440       0.000000
      22.000000      32.473518       0.000000
      22.200000      32.180963       0.000000
      22.400000      31.893633       0.000000
      22.600000      31.611389       0.000000
      22.800000      31.334096       0.000000
      23.000000      31.061626       0.000000
      23.200000      30.793853       0.000000
      23.400000      30.530658       0.000000
      23.600000      30.271923       0.000000
      23.800000      30.017537       0.000000
      24.000000      29.767391       0.000000
      24.200000      29.521380       0.000000
      24.400000      29.279401       0.000000
      24.600000      29.041357       0.000000
      24.800000      28.807153       0.000000
      25.000000      28.576696       0.000000
      25.200000      28.349896       0.000000
      25.400000      28.126669       0.000000
      25.600000      27.906929       0.000000
      25.800000      27.690597       0.000000
      26.000000      27.477592       0.000000
      26.200000      27.267839       0.000000
      26.400000      27.061265       0.000000
      26.600000      26.857797       0.000000
      26.800000      26.657365       0.000000
      27.000000      26.459903       0.000000
      27.200000      26.265345       0.000000
      27.400000      26.073627       0.000000
      27.600000      25.884688       0.000000
      27.800000      25.698467       0.000000
      28.000000      25.514907       0.000000
      28.200000      25.333950       0.000000
      28.400000      25.155542       0.000000
      28.600000      24.979629       0.000000
      28.800000      24.806159       0.000000
      29.000000      24.635082       0.000000
      29.200000      24.466349       0.000000
      29.400000      24.299911       0.000000
      29.600000      24.135723       0.000000
      29.800000      23.973738       0.000000
      30.000000      23.813913       0.000000
      30.200000      23.656205       0.000000
      30.400000      23.500572       0.000000
      30.600000      23.346974       0.000000
      30.800000      23.195370       0.000000
      31.000000      23.045722       0.000000
      31.200000      22.897993       0.000000
      31.400000      22.752146       0.000000
      31.600000      22.608145       0.000000
      31.800000      22.465956       0.000000
      32.000000      22.325543       0.000000
      32.200000      22.186875       0.000000
      32.400000      22.049919       0.000000
      32.600000      21.914644       0.000000
      32.800000      21.781018       0.000000
      33.000000      21.649012       0.000000
      33.200000      21.518596       0.000000
      33.400000      21.389742       0.000000
      33.600001      21.262422       0.000000
      33.800001      21.136609       0.000000
      34.000001      21.012276       0.000000
      34.200001      20.889397       0.000000
      34.400001      20.767947       0.000000
      34.600001      20.647901       0.000000
      34.800001      20.529235       0.000000
      35.000001      20.411925       0.000000
      35.200001      20.295949       0.000000
      35.400001      20.181282       0.000000
      35.600001      20.067904       0.000000
      35.800001      19.955793       0.000000
      36.000001      19.844928       0.000000
      36.200001      19.735287       0.000000
      36.400001      19.626851       0.000000
      36.600001      19.519601       0.000000
      36.800001      19.413516       0.000000
      37.000001      19.308578       0.000000
      37.200001      19.204769       0.000000
      37.400001      19.102069       0.000000
      37.600001      19.000463       0.000000
      37.800001      18.899931       0.000000
      38.000001      18.800458       0.000000
      38.200001      18.702026       0.000000
      38.400001      18.604620       0.000000
      38.600001      18.508223       0.000000
      38.800001      18.412819       0.000000
      39.000001      18.318395       0.000000
      39.200001      18.224933       0.000000
      39.400001      18.132421       0.000000
      39.600001      18.040843       0.000000
      39.800001      17.950186       0.000000
      40.000001      17.860435       0.000000
      40.200001      17.771577       0.000000
      40.400001      17.683599       0.000000
      40.600001      17.596487       0.000000
      40.800001      17.510230       0.000000
      41.000001      17.424814       0.000000
      41.200001      17.340228       0.000000
      41.400001      17.256459       0.000000
      41.600001      17.173495       0.000000
      41.800001      17.091325       0.000000
      42.000001      17.009938       0.000000
      42.200001      16.929322       0.000000
      42.400001      16.849467       0.000000
      42.600001      16.770361       0.000000
      42.800001      16.691995       0.000000
      43.000001      16.614358       0.000000
      43.200001      16.537440       0.000000
      43.400001      16.461230       0.000000
      43.600001      16.385720       0.000000
      43.800001      16.310899       0.000000
      44.000001      16.236759       0.000000
      44.200001      16.163289       0.000000
      44.400001      16.090482       0.000000
      44.600001      16.018327       0.000000
      44.800001      15.946817       0.000000
      45.000001      15.875942       0.000000
      45.200001      15.805694       0.000000
      45.400001      15.736066       0.000000
      45.600001      15.667048       0.000000
      45.800001      15.598633       0.000000
      46.000001      15.530813       0.000000
      46.200001      15.463580       0.000000
      46.400001      15.396927       0.000000
      46.600001      15.330845       0.000000
      46.800001      15.265329       0.000000
      47.000001      15.200370       0.000000
      47.200001      15.135962       0.000000
      47.400001      15.072097       0.000000
      47.600001      15.008769       0.000000
      47.800001      14.945971       0.000000
      48.000001      14.883696       0.000000
      48.200001      14.821938       0.000000
      48.400001      14.760690       0.000000
      48.600001      14.699946       0.000000
      48.800001      14.639701       0.000000
      49.000001      14.579947       0.000000
      49.200001      14.520679       0.000000
      49.400001      14.461891       0.000000
      49.600001      14.403576       0.000000
      49.800001      14.345731       0.000000
