      42.00000   0.32495E+12   0.45060E-01
      42.10000   0.33597E+12   0.45103E-01
      42.20000   0.34738E+12   0.45146E-01
      42.30000   0.35918E+12   0.45187E-01
      42.40000   0.37140E+12   0.45229E-01
      42.50000   0.38405E+12   0.45270E-01
      42.60000   0.39716E+12   0.45312E-01
      42.70000   0.41074E+12   0.45354E-01
      42.80000   0.42479E+12   0.45395E-01
      42.90000   0.43935E+12   0.45436E-01
      43.00000   0.45441E+12   0.45476E-01
      43.10000   0.47001E+12   0.45516E-01
      43.20000   0.48618E+12   0.45555E-01
      43.30000   0.50292E+12   0.45595E-01
      43.40000   0.52027E+12   0.45636E-01
      43.50000   0.53825E+12   0.45676E-01
      43.60000   0.55687E+12   0.45718E-01
      43.70000   0.57618E+12   0.45759E-01
      43.80000   0.59617E+12   0.45800E-01
      43.90000   0.61690E+12   0.45842E-01
      44.00000   0.63839E+12   0.45885E-01
      44.10000   0.66067E+12   0.45929E-01
      44.20000   0.68380E+12   0.45975E-01
      44.30000   0.70779E+12   0.46022E-01
      44.40000   0.73269E+12   0.46072E-01
      44.50000   0.75854E+12   0.46125E-01
      44.60000   0.78538E+12   0.46180E-01
      44.70000   0.81327E+12   0.46238E-01
      44.80000   0.84226E+12   0.46301E-01
      44.90000   0.87241E+12   0.46369E-01
      45.00000   0.90381E+12   0.46443E-01
      45.10000   0.93652E+12   0.46525E-01
      45.20000   0.97064E+12   0.46615E-01
      45.30000   0.10062E+13   0.46715E-01
      45.40000   0.10434E+13   0.46827E-01
      45.50000   0.10824E+13   0.46951E-01
      45.60000   0.11231E+13   0.47090E-01
      45.70000   0.11659E+13   0.47248E-01
      45.80000   0.12109E+13   0.47427E-01
      45.90000   0.12584E+13   0.47630E-01
      46.00000   0.13085E+13   0.47862E-01
      46.10000   0.13615E+13   0.48126E-01
      46.20000   0.14178E+13   0.48428E-01
      46.30000   0.14777E+13   0.48772E-01
      46.40000   0.15416E+13   0.49166E-01
      46.50000   0.16102E+13   0.49617E-01
      46.60000   0.16839E+13   0.50133E-01
      46.70000   0.17635E+13   0.50724E-01
      46.80000   0.18497E+13   0.51400E-01
      46.90000   0.19436E+13   0.52175E-01
      47.00000   0.20462E+13   0.53062E-01
      47.10000   0.21587E+13   0.54076E-01
      47.20000   0.22827E+13   0.55235E-01
      47.30000   0.24200E+13   0.56560E-01
      47.40000   0.25725E+13   0.58072E-01
      47.50000   0.27426E+13   0.59796E-01
      47.60000   0.29331E+13   0.61762E-01
      47.70000   0.31472E+13   0.64001E-01
      47.80000   0.33886E+13   0.66549E-01
      47.90000   0.36618E+13   0.69446E-01
      48.00000   0.39717E+13   0.72737E-01
      48.10000   0.43243E+13   0.76472E-01
      48.20000   0.47265E+13   0.80706E-01
      48.30000   0.51859E+13   0.85501E-01
      48.40000   0.57119E+13   0.90924E-01
      48.50000   0.63149E+13   0.97053E-01
      48.60000   0.70072E+13   0.10397E+00
      48.70000   0.78029E+13   0.11177E+00
      48.80000   0.87185E+13   0.12056E+00
      48.90000   0.97727E+13   0.13046E+00
      49.00000   0.10987E+14   0.14158E+00
      49.10000   0.12386E+14   0.15407E+00
      49.20000   0.13999E+14   0.16807E+00
      49.30000   0.15857E+14   0.18375E+00
      49.40000   0.17997E+14   0.20130E+00
      49.50000   0.20463E+14   0.22090E+00
      49.60000   0.23304E+14   0.24278E+00
      49.70000   0.26574E+14   0.26718E+00
      49.80000   0.30337E+14   0.29435E+00
      49.90000   0.34664E+14   0.32457E+00
      50.00000   0.39636E+14   0.35813E+00
      50.10000   0.45345E+14   0.39535E+00
      50.20000   0.51892E+14   0.43656E+00
      50.30000   0.59396E+14   0.48214E+00
      50.40000   0.67988E+14   0.53249E+00
      50.50000   0.77817E+14   0.58803E+00
      50.60000   0.89051E+14   0.64922E+00
      50.70000   0.10188E+15   0.71655E+00
      50.80000   0.11650E+15   0.79050E+00
      50.90000   0.13315E+15   0.87161E+00
      51.00000   0.15209E+15   0.96041E+00
      51.10000   0.17360E+15   0.10575E+01
      51.20000   0.19801E+15   0.11634E+01
      51.30000   0.22565E+15   0.12789E+01
      51.40000   0.25693E+15   0.14046E+01
      51.50000   0.29228E+15   0.15411E+01
      51.60000   0.33218E+15   0.16893E+01
      51.70000   0.37714E+15   0.18497E+01
      51.80000   0.42773E+15   0.20232E+01
      51.90000   0.48456E+15   0.22105E+01
      52.00000   0.54832E+15   0.24122E+01
      52.10000   0.61975E+15   0.26292E+01
      52.20000   0.69965E+15   0.28623E+01
      52.30000   0.78894E+15   0.31123E+01
      52.40000   0.88856E+15   0.33800E+01
      52.50000   0.99957E+15   0.36662E+01
      52.60000   0.11231E+16   0.39718E+01
      52.70000   0.12603E+16   0.42975E+01
      52.80000   0.14126E+16   0.46441E+01
      52.90000   0.15814E+16   0.50124E+01
      53.00000   0.17682E+16   0.54032E+01
      53.10000   0.19747E+16   0.58173E+01
      53.20000   0.22027E+16   0.62557E+01
      53.30000   0.24543E+16   0.67193E+01
      53.40000   0.27316E+16   0.72090E+01
      53.50000   0.30368E+16   0.77256E+01
      53.60000   0.33724E+16   0.82699E+01
      53.70000   0.37410E+16   0.88428E+01
      53.80000   0.41456E+16   0.94451E+01
      53.90000   0.45893E+16   0.10078E+02
      54.00000   0.50755E+16   0.10742E+02
      54.10000   0.56077E+16   0.11439E+02
      54.20000   0.61901E+16   0.12170E+02
      54.30000   0.68269E+16   0.12935E+02
      54.40000   0.75227E+16   0.13736E+02
      54.50000   0.82823E+16   0.14574E+02
      54.60000   0.91112E+16   0.15450E+02
      54.70000   0.10015E+17   0.16365E+02
      54.80000   0.11000E+17   0.17321E+02
      54.90000   0.12073E+17   0.18319E+02
      55.00000   0.13242E+17   0.19359E+02
      55.10000   0.14514E+17   0.20445E+02
      55.20000   0.15897E+17   0.21577E+02
      55.30000   0.17401E+17   0.22757E+02
      55.40000   0.19037E+17   0.23986E+02
      55.50000   0.20813E+17   0.25266E+02
      55.60000   0.22743E+17   0.26598E+02
      55.70000   0.24838E+17   0.27985E+02
      55.80000   0.27112E+17   0.29427E+02
      55.90000   0.29579E+17   0.30928E+02
      56.00000   0.32255E+17   0.32489E+02
      56.10000   0.35156E+17   0.34113E+02
      56.20000   0.38302E+17   0.35800E+02
      56.30000   0.41712E+17   0.37554E+02
      56.40000   0.45405E+17   0.39376E+02
      56.50000   0.49405E+17   0.41269E+02
      56.60000   0.53737E+17   0.43234E+02
      56.70000   0.58425E+17   0.45274E+02
      56.80000   0.63498E+17   0.47392E+02
      56.90000   0.68987E+17   0.49588E+02
      57.00000   0.74922E+17   0.51867E+02
      57.10000   0.81340E+17   0.54230E+02
      57.20000   0.88275E+17   0.56679E+02
      57.30000   0.95768E+17   0.59216E+02
      57.40000   0.10386E+18   0.61843E+02
      57.50000   0.11259E+18   0.64561E+02
      57.60000   0.12202E+18   0.67373E+02
      57.70000   0.13218E+18   0.70281E+02
      57.80000   0.14314E+18   0.73285E+02
      57.90000   0.15495E+18   0.76387E+02
      58.00000   0.16767E+18   0.79589E+02
      58.10000   0.18137E+18   0.82891E+02
      58.20000   0.19611E+18   0.86295E+02
      58.30000   0.21196E+18   0.89800E+02
      58.40000   0.22899E+18   0.93406E+02
      58.50000   0.24729E+18   0.97114E+02
      58.60000   0.26694E+18   0.10092E+03
      58.70000   0.28803E+18   0.10484E+03
      58.80000   0.31064E+18   0.10885E+03
      58.90000   0.33488E+18   0.11296E+03
      59.00000   0.36084E+18   0.11717E+03
      59.10000   0.38864E+18   0.12148E+03
      59.20000   0.41838E+18   0.12589E+03
      59.30000   0.45018E+18   0.13039E+03
      59.40000   0.48416E+18   0.13499E+03
      59.50000   0.52046E+18   0.13967E+03
      59.60000   0.55920E+18   0.14445E+03
      59.70000   0.60053E+18   0.14931E+03
      59.80000   0.64459E+18   0.15425E+03
      59.90000   0.69155E+18   0.15928E+03
      60.00000   0.74156E+18   0.16438E+03
      60.10000   0.79480E+18   0.16956E+03
      60.20000   0.85143E+18   0.17482E+03
      60.30000   0.91166E+18   0.18014E+03
      60.40000   0.97566E+18   0.18553E+03
      60.50000   0.10436E+19   0.19099E+03
      60.60000   0.11158E+19   0.19651E+03
      60.70000   0.11924E+19   0.20208E+03
      60.80000   0.12737E+19   0.20771E+03
      60.90000   0.13598E+19   0.21340E+03
      61.00000   0.14512E+19   0.21913E+03
      61.10000   0.15479E+19   0.22491E+03
      61.20000   0.16503E+19   0.23074E+03
      61.30000   0.17588E+19   0.23661E+03
      61.40000   0.18736E+19   0.24251E+03
      61.50000   0.19949E+19   0.24845E+03
      61.60000   0.21233E+19   0.25443E+03
      61.70000   0.22590E+19   0.26043E+03
      61.80000   0.24023E+19   0.26646E+03
      61.90000   0.25538E+19   0.27252E+03
      62.00000   0.27137E+19   0.27860E+03
      62.10000   0.28826E+19   0.28471E+03
      62.20000   0.30608E+19   0.29083E+03
      62.30000   0.32488E+19   0.29697E+03
      62.40000   0.34472E+19   0.30313E+03
      62.50000   0.36564E+19   0.30930E+03
      62.60000   0.38770E+19   0.31548E+03
      62.70000   0.41095E+19   0.32167E+03
      62.80000   0.43545E+19   0.32787E+03
      62.90000   0.46127E+19   0.33408E+03
      63.00000   0.48846E+19   0.34030E+03
      63.10000   0.51710E+19   0.34651E+03
      63.20000   0.54726E+19   0.35273E+03
      63.30000   0.57902E+19   0.35896E+03
      63.40000   0.61244E+19   0.36518E+03
      63.50000   0.64761E+19   0.37140E+03
      63.60000   0.68462E+19   0.37762E+03
      63.70000   0.72356E+19   0.38384E+03
      63.80000   0.76451E+19   0.39005E+03
      63.90000   0.80759E+19   0.39626E+03
      64.00000   0.85289E+19   0.40247E+03
